2021-08-20 12:20:55,936 - elsapy.elsclient - INFO - Module loaded.
2021-08-20 12:20:57,149 - elsapy.elsentity - INFO - Module loaded.
2021-08-20 12:20:57,150 - elsapy.utils - INFO - Module loaded.
2021-08-20 12:20:57,150 - elsapy.elsprofile - INFO - Module loaded.
2021-08-20 12:20:57,151 - elsapy.elsdoc - INFO - Module loaded.
2021-08-20 12:20:57,152 - elsapy.elssearch - INFO - Module loaded.
2021-08-20 12:23:13,426 - elsapy.elsclient - INFO - Module loaded.
2021-08-20 12:23:13,746 - elsapy.elsentity - INFO - Module loaded.
2021-08-20 12:23:13,747 - elsapy.utils - INFO - Module loaded.
2021-08-20 12:23:13,748 - elsapy.elsprofile - INFO - Module loaded.
2021-08-20 12:23:13,749 - elsapy.elsdoc - INFO - Module loaded.
2021-08-20 12:23:13,750 - elsapy.elssearch - INFO - Module loaded.
2021-08-20 12:24:44,292 - elsapy.elsclient - INFO - Module loaded.
2021-08-20 12:24:44,632 - elsapy.elsentity - INFO - Module loaded.
2021-08-20 12:24:44,633 - elsapy.utils - INFO - Module loaded.
2021-08-20 12:24:44,633 - elsapy.elsprofile - INFO - Module loaded.
2021-08-20 12:24:44,634 - elsapy.elsdoc - INFO - Module loaded.
2021-08-20 12:24:44,634 - elsapy.elssearch - INFO - Module loaded.
2021-08-20 12:25:32,394 - elsapy.elsclient - INFO - Module loaded.
2021-08-20 12:25:32,714 - elsapy.elsentity - INFO - Module loaded.
2021-08-20 12:25:32,715 - elsapy.utils - INFO - Module loaded.
2021-08-20 12:25:32,715 - elsapy.elsprofile - INFO - Module loaded.
2021-08-20 12:25:32,716 - elsapy.elsdoc - INFO - Module loaded.
2021-08-20 12:25:32,716 - elsapy.elssearch - INFO - Module loaded.
2021-08-20 12:26:41,618 - elsapy.elsclient - INFO - Module loaded.
2021-08-20 12:26:41,958 - elsapy.elsentity - INFO - Module loaded.
2021-08-20 12:26:41,959 - elsapy.utils - INFO - Module loaded.
2021-08-20 12:26:41,959 - elsapy.elsprofile - INFO - Module loaded.
2021-08-20 12:26:41,960 - elsapy.elsdoc - INFO - Module loaded.
2021-08-20 12:26:41,961 - elsapy.elssearch - INFO - Module loaded.
2021-08-20 12:28:30,969 - elsapy.elsclient - INFO - Module loaded.
2021-08-20 12:28:31,299 - elsapy.elsentity - INFO - Module loaded.
2021-08-20 12:28:31,300 - elsapy.utils - INFO - Module loaded.
2021-08-20 12:28:31,300 - elsapy.elsprofile - INFO - Module loaded.
2021-08-20 12:28:31,301 - elsapy.elsdoc - INFO - Module loaded.
2021-08-20 12:28:31,302 - elsapy.elssearch - INFO - Module loaded.
2021-08-20 12:28:31,972 - elsapy.elsclient - INFO - Sending GET request to https://api.elsevier.com/content/search/scopus?query=AUTH%28Adamiec+and+Jaros%C5%82aw%29+AND+AF-ID%2860008555%29+AND+PUBYEAR+%3E+2016
2021-08-20 12:28:32,480 - elsapy.utils - INFO - Converting prism:coverDate
2021-08-20 12:28:33,609 - elsapy.elsclient - INFO - Sending GET request to https://api.elsevier.com/content/search/scopus?query=AUTH%28Babiak+and+Maciej%29+AND+AF-ID%2860008555%29+AND+PUBYEAR+%3E+2016
2021-08-20 12:28:50,430 - elsapy.elsclient - INFO - Sending GET request to https://api.elsevier.com/content/search/scopus?query=AUTH%28Babiak+and+M%29+AND+AF-ID%2860008555%29+AND+PUBYEAR+%3E+2016
2021-08-20 12:28:51,131 - elsapy.utils - INFO - Converting prism:coverDate
2021-08-20 12:29:11,452 - elsapy.elsclient - INFO - Module loaded.
2021-08-20 12:29:11,813 - elsapy.elsentity - INFO - Module loaded.
2021-08-20 12:29:11,814 - elsapy.utils - INFO - Module loaded.
2021-08-20 12:29:11,814 - elsapy.elsprofile - INFO - Module loaded.
2021-08-20 12:29:11,815 - elsapy.elsdoc - INFO - Module loaded.
2021-08-20 12:29:11,816 - elsapy.elssearch - INFO - Module loaded.
2021-08-20 12:29:38,447 - elsapy.elsclient - INFO - Module loaded.
2021-08-20 12:29:38,997 - elsapy.elsentity - INFO - Module loaded.
2021-08-20 12:29:38,998 - elsapy.utils - INFO - Module loaded.
2021-08-20 12:29:38,998 - elsapy.elsprofile - INFO - Module loaded.
2021-08-20 12:29:38,999 - elsapy.elsdoc - INFO - Module loaded.
2021-08-20 12:29:39,000 - elsapy.elssearch - INFO - Module loaded.
2021-08-20 12:29:42,601 - elsapy.elsclient - INFO - Module loaded.
2021-08-20 12:29:42,944 - elsapy.elsentity - INFO - Module loaded.
2021-08-20 12:29:42,944 - elsapy.utils - INFO - Module loaded.
2021-08-20 12:29:42,945 - elsapy.elsprofile - INFO - Module loaded.
2021-08-20 12:29:42,945 - elsapy.elsdoc - INFO - Module loaded.
2021-08-20 12:29:42,946 - elsapy.elssearch - INFO - Module loaded.
2021-08-20 12:29:53,582 - elsapy.elsclient - INFO - Sending GET request to https://api.elsevier.com/content/search/scopus?query=AUTH%28Barczewski+and+Roman%29+AND+AF-ID%2860008555%29+AND+PUBYEAR+%3E+2016
2021-08-20 12:29:54,309 - elsapy.utils - INFO - Converting prism:coverDate
2021-08-20 12:30:25,851 - elsapy.elsclient - INFO - Module loaded.
2021-08-20 12:30:26,192 - elsapy.elsentity - INFO - Module loaded.
2021-08-20 12:30:26,193 - elsapy.utils - INFO - Module loaded.
2021-08-20 12:30:26,193 - elsapy.elsprofile - INFO - Module loaded.
2021-08-20 12:30:26,194 - elsapy.elsdoc - INFO - Module loaded.
2021-08-20 12:30:26,195 - elsapy.elssearch - INFO - Module loaded.
2021-08-20 12:31:52,588 - elsapy.elsclient - INFO - Module loaded.
2021-08-20 12:31:52,926 - elsapy.elsentity - INFO - Module loaded.
2021-08-20 12:31:52,928 - elsapy.utils - INFO - Module loaded.
2021-08-20 12:31:52,928 - elsapy.elsprofile - INFO - Module loaded.
2021-08-20 12:31:52,929 - elsapy.elsdoc - INFO - Module loaded.
2021-08-20 12:31:52,930 - elsapy.elssearch - INFO - Module loaded.
2021-08-20 12:31:53,592 - elsapy.elsclient - INFO - Sending GET request to https://api.elsevier.com/content/search/scopus?query=AUTH%28Adamiec+and+Jaros%C5%82aw%29+AND+AF-ID%2860008555%29+AND+PUBYEAR+%3E+2016
2021-08-20 12:31:54,167 - elsapy.utils - INFO - Converting prism:coverDate
2021-08-20 12:31:55,179 - elsapy.elsclient - INFO - Sending GET request to https://api.elsevier.com/content/search/scopus?query=AUTH%28Babiak+and+Maciej%29+AND+AF-ID%2860008555%29+AND+PUBYEAR+%3E+2016
2021-08-20 12:31:56,599 - elsapy.elsclient - INFO - Sending GET request to https://api.elsevier.com/content/search/scopus?query=AUTH%28Babiak+and+M%29+AND+AF-ID%2860008555%29+AND+PUBYEAR+%3E+2016
2021-08-20 12:31:57,293 - elsapy.utils - INFO - Converting prism:coverDate
2021-08-20 12:32:12,636 - elsapy.elsclient - INFO - Sending GET request to https://api.elsevier.com/content/search/scopus?query=AUTH%28Barczewski+and+Roman%29+AND+AF-ID%2860008555%29+AND+PUBYEAR+%3E+2016
2021-08-20 12:32:13,532 - elsapy.utils - INFO - Converting prism:coverDate
2021-08-20 12:32:23,172 - elsapy.elsclient - INFO - Sending GET request to https://api.elsevier.com/content/search/scopus?query=AUTH%28Bartkowiak+and+Tomasz%29+AND+AF-ID%2860008555%29+AND+PUBYEAR+%3E+2016
2021-08-20 12:32:23,793 - elsapy.utils - INFO - Converting prism:coverDate
2021-08-20 12:32:35,093 - elsapy.elsclient - INFO - Sending GET request to https://api.elsevier.com/content/search/scopus?query=AUTH%28Bartkowski+and+Dariusz%29+AND+AF-ID%2860008555%29+AND+PUBYEAR+%3E+2016
2021-08-20 12:32:35,649 - elsapy.utils - INFO - Converting prism:coverDate
2021-08-20 12:32:46,253 - elsapy.elsclient - INFO - Sending GET request to https://api.elsevier.com/content/search/scopus?query=AUTH%28Berdychowski+and+Maciej%29+AND+AF-ID%2860008555%29+AND+PUBYEAR+%3E+2016
2021-08-20 12:32:46,751 - elsapy.utils - INFO - Converting prism:coverDate
2021-08-20 12:32:53,046 - elsapy.elsclient - INFO - Sending GET request to https://api.elsevier.com/content/search/scopus?query=AUTH%28Bernat+and+%C5%81ukasz%29+AND+AF-ID%2860008555%29+AND+PUBYEAR+%3E+2016
2021-08-20 12:32:53,505 - elsapy.utils - INFO - Converting prism:coverDate
2021-08-20 12:33:00,932 - elsapy.elsclient - INFO - Sending GET request to https://api.elsevier.com/content/search/scopus?query=AUTH%28Bernat+and+Tomasz%29+AND+AF-ID%2860008555%29+AND+PUBYEAR+%3E+2016
2021-08-20 12:33:01,325 - elsapy.utils - INFO - Converting prism:coverDate
2021-08-20 12:33:02,325 - elsapy.elsclient - INFO - Sending GET request to https://api.elsevier.com/content/search/scopus?query=AUTH%28Bia%C5%82ecka+and+Martyna%29+AND+AF-ID%2860008555%29+AND+PUBYEAR+%3E+2016
2021-08-20 12:33:02,745 - elsapy.utils - INFO - Converting prism:coverDate
2021-08-20 12:33:03,766 - elsapy.elsclient - INFO - Sending GET request to https://api.elsevier.com/content/search/scopus?query=AUTH%28Bia%C5%82ek+and+Marcin%29+AND+AF-ID%2860008555%29+AND+PUBYEAR+%3E+2016
2021-08-20 12:33:04,459 - elsapy.utils - INFO - Converting prism:coverDate
2021-08-20 12:33:10,648 - elsapy.elsclient - INFO - Sending GET request to https://api.elsevier.com/content/search/scopus?query=AUTH%28Bie%C5%84czak+and+Krzysztof%29+AND+AF-ID%2860008555%29+AND+PUBYEAR+%3E+2016
2021-08-20 12:33:11,233 - elsapy.utils - INFO - Converting prism:coverDate
2021-08-20 12:33:14,981 - elsapy.elsclient - INFO - Sending GET request to https://api.elsevier.com/content/search/scopus?query=AUTH%28Bilski+and+Miko%C5%82aj%29+AND+AF-ID%2860008555%29+AND+PUBYEAR+%3E+2016
2021-08-20 12:33:15,385 - elsapy.utils - INFO - Converting prism:coverDate
2021-08-20 12:33:18,074 - elsapy.elsclient - INFO - Sending GET request to https://api.elsevier.com/content/search/scopus?query=AUTH%28Biszczanik+and+Aleksandra%29+AND+AF-ID%2860008555%29+AND+PUBYEAR+%3E+2016
2021-08-20 12:33:18,550 - elsapy.utils - INFO - Converting prism:coverDate
2021-08-20 12:33:19,558 - elsapy.elsclient - INFO - Sending GET request to https://api.elsevier.com/content/search/scopus?query=AUTH%28Brz%C4%99k+and+Pawe%C5%82%29+AND+AF-ID%2860008555%29+AND+PUBYEAR+%3E+2016
2021-08-20 12:33:19,997 - elsapy.utils - INFO - Converting prism:coverDate
2021-08-20 12:33:21,753 - elsapy.elsclient - INFO - Sending GET request to https://api.elsevier.com/content/search/scopus?query=AUTH%28Bula+and+Karol%29+AND+AF-ID%2860008555%29+AND+PUBYEAR+%3E+2016
2021-08-20 12:33:22,519 - elsapy.utils - INFO - Converting prism:coverDate
2021-08-20 12:33:28,318 - elsapy.elsclient - INFO - Sending GET request to https://api.elsevier.com/content/search/scopus?query=AUTH%28Bu%C5%84+and+Pawe%C5%82%29+AND+AF-ID%2860008555%29+AND+PUBYEAR+%3E+2016
2021-08-20 12:33:28,845 - elsapy.utils - INFO - Converting prism:coverDate
2021-08-20 12:33:42,356 - elsapy.elsclient - INFO - Sending GET request to https://api.elsevier.com/content/search/scopus?query=AUTH%28Bu%C5%9Bkiewicz+and+Jacek%29+AND+AF-ID%2860008555%29+AND+PUBYEAR+%3E+2016
2021-08-20 12:33:42,908 - elsapy.utils - INFO - Converting prism:coverDate
2021-08-20 12:33:59,928 - elsapy.elsclient - INFO - Sending GET request to https://api.elsevier.com/content/search/scopus?query=AUTH%28Chwalczuk+and+Tadeusz%29+AND+AF-ID%2860008555%29+AND+PUBYEAR+%3E+2016
2021-08-20 12:34:00,961 - elsapy.utils - INFO - Converting prism:coverDate
2021-08-20 12:34:18,724 - elsapy.elsclient - INFO - Sending GET request to https://api.elsevier.com/content/search/scopus?query=AUTH%28Ciszak+and+Olaf%29+AND+AF-ID%2860008555%29+AND+PUBYEAR+%3E+2016
2021-08-20 12:34:19,147 - elsapy.utils - INFO - Converting prism:coverDate
2021-08-20 12:34:20,252 - elsapy.elsclient - INFO - Sending GET request to https://api.elsevier.com/content/search/scopus?query=AUTH%28Czarnecka+and+Dorota%29+AND+AF-ID%2860008555%29+AND+PUBYEAR+%3E+2016
2021-08-20 12:34:20,832 - elsapy.utils - INFO - Converting prism:coverDate
2021-08-20 12:34:29,287 - elsapy.elsclient - INFO - Sending GET request to https://api.elsevier.com/content/search/scopus?query=AUTH%28Dahlke+and+Grzegorz%29+AND+AF-ID%2860008555%29+AND+PUBYEAR+%3E+2016
2021-08-20 12:34:29,967 - elsapy.utils - INFO - Converting prism:coverDate
2021-08-20 12:34:32,155 - elsapy.elsclient - INFO - Sending GET request to https://api.elsevier.com/content/search/scopus?query=AUTH%28Diakun+and+Jacek%29+AND+AF-ID%2860008555%29+AND+PUBYEAR+%3E+2016
2021-08-20 12:34:32,644 - elsapy.utils - INFO - Converting prism:coverDate
2021-08-20 12:34:39,043 - elsapy.elsclient - INFO - Sending GET request to https://api.elsevier.com/content/search/scopus?query=AUTH%28Diering+and+Magdalena%29+AND+AF-ID%2860008555%29+AND+PUBYEAR+%3E+2016
2021-08-20 12:34:39,508 - elsapy.utils - INFO - Converting prism:coverDate
2021-08-20 12:34:46,219 - elsapy.elsclient - INFO - Sending GET request to https://api.elsevier.com/content/search/scopus?query=AUTH%28Dobrzy%C5%84ska+and+Monika%29+AND+AF-ID%2860008555%29+AND+PUBYEAR+%3E+2016
2021-08-20 12:34:46,641 - elsapy.utils - INFO - Converting prism:coverDate
2021-08-20 12:34:48,488 - elsapy.elsclient - INFO - Sending GET request to https://api.elsevier.com/content/search/scopus?query=AUTH%28Dostatni+and+Ewa%29+AND+AF-ID%2860008555%29+AND+PUBYEAR+%3E+2016
2021-08-20 12:34:49,142 - elsapy.utils - INFO - Converting prism:coverDate
2021-08-20 12:34:59,864 - elsapy.elsclient - INFO - Sending GET request to https://api.elsevier.com/content/search/scopus?query=AUTH%28Dota+and+Alicja%29+AND+AF-ID%2860008555%29+AND+PUBYEAR+%3E+2016
2021-08-20 12:35:00,408 - elsapy.utils - INFO - Converting prism:coverDate
2021-08-20 12:35:02,208 - elsapy.elsclient - INFO - Sending GET request to https://api.elsevier.com/content/search/scopus?query=AUTH%28Fraska+and+Agnieszka%29+AND+AF-ID%2860008555%29+AND+PUBYEAR+%3E+2016
2021-08-20 12:35:02,630 - elsapy.utils - INFO - Converting prism:coverDate
2021-08-20 12:35:03,856 - elsapy.elsclient - INFO - Sending GET request to https://api.elsevier.com/content/search/scopus?query=AUTH%28Fr%C4%85ckowiak+and+Piotr%29+AND+AF-ID%2860008555%29+AND+PUBYEAR+%3E+2016
2021-08-20 12:35:04,485 - elsapy.utils - INFO - Converting prism:coverDate
2021-08-20 12:35:08,264 - elsapy.elsclient - INFO - Sending GET request to https://api.elsevier.com/content/search/scopus?query=AUTH%28Fr%C4%85ckowiak+and+Damian%29+AND+AF-ID%2860008555%29+AND+PUBYEAR+%3E+2016
2021-08-20 12:35:08,638 - elsapy.utils - INFO - Converting prism:coverDate
2021-08-20 12:35:09,657 - elsapy.elsclient - INFO - Sending GET request to https://api.elsevier.com/content/search/scopus?query=AUTH%28Fritzkowski+and+Pawe%C5%82%29+AND+AF-ID%2860008555%29+AND+PUBYEAR+%3E+2016
2021-08-20 12:35:10,085 - elsapy.utils - INFO - Converting prism:coverDate
2021-08-20 12:35:14,762 - elsapy.elsclient - INFO - Sending GET request to https://api.elsevier.com/content/search/scopus?query=AUTH%28Gabryelski+and+Jaros%C5%82aw%29+AND+AF-ID%2860008555%29+AND+PUBYEAR+%3E+2016
2021-08-20 12:35:16,075 - elsapy.elsclient - INFO - Sending GET request to https://api.elsevier.com/content/search/scopus?query=AUTH%28Gabryelski+and+J%29+AND+AF-ID%2860008555%29+AND+PUBYEAR+%3E+2016
2021-08-20 12:35:16,564 - elsapy.utils - INFO - Converting prism:coverDate
2021-08-20 12:35:17,562 - elsapy.elsclient - INFO - Sending GET request to https://api.elsevier.com/content/search/scopus?query=AUTH%28Gapi%C5%84ski+and+Bartosz%29+AND+AF-ID%2860008555%29+AND+PUBYEAR+%3E+2016
2021-08-20 12:35:18,365 - elsapy.utils - INFO - Converting prism:coverDate
2021-08-20 12:35:26,856 - elsapy.elsclient - INFO - Sending GET request to https://api.elsevier.com/content/search/scopus?query=AUTH%28Garbowski+and+Tomasz%29+AND+AF-ID%2860008555%29+AND+PUBYEAR+%3E+2016
2021-08-20 12:35:27,399 - elsapy.utils - INFO - Converting prism:coverDate
2021-08-20 12:35:38,442 - elsapy.elsclient - INFO - Sending GET request to https://api.elsevier.com/content/search/scopus?query=AUTH%28Gessner+and+Andrzej%29+AND+AF-ID%2860008555%29+AND+PUBYEAR+%3E+2016
2021-08-20 12:35:38,914 - elsapy.utils - INFO - Converting prism:coverDate
2021-08-20 12:35:40,859 - elsapy.elsclient - INFO - Sending GET request to https://api.elsevier.com/content/search/scopus?query=AUTH%28Gierz+and+%C5%81ukasz%29+AND+AF-ID%2860008555%29+AND+PUBYEAR+%3E+2016
2021-08-20 12:35:41,638 - elsapy.utils - INFO - Converting prism:coverDate
2021-08-20 12:36:12,781 - elsapy.elsclient - INFO - Sending GET request to https://api.elsevier.com/content/search/scopus?query=AUTH%28G%C3%B3recki+and+Jan%29+AND+AF-ID%2860008555%29+AND+PUBYEAR+%3E+2016
2021-08-20 12:36:13,265 - elsapy.utils - INFO - Converting prism:coverDate
2021-08-20 12:36:22,189 - elsapy.elsclient - INFO - Sending GET request to https://api.elsevier.com/content/search/scopus?query=AUTH%28G%C3%B3rny+and+Adam%29+AND+AF-ID%2860008555%29+AND+PUBYEAR+%3E+2016
2021-08-20 12:36:22,997 - elsapy.utils - INFO - Converting prism:coverDate
2021-08-20 12:36:36,999 - elsapy.elsclient - INFO - Sending GET request to https://api.elsevier.com/content/search/scopus?query=AUTH%28G%C3%B3rski+and+Filip%29+AND+AF-ID%2860008555%29+AND+PUBYEAR+%3E+2016
2021-08-20 12:36:38,595 - elsapy.elsclient - INFO - Sending GET request to https://api.elsevier.com/content/search/scopus?start=25&count=25&query=AUTH%28G%C3%B3rski+and+Filip%29+AND+AF-ID%2860008555%29+AND+PUBYEAR+%3E+2016
2021-08-20 12:36:39,081 - elsapy.utils - INFO - Converting prism:coverDate
2021-08-20 12:36:54,621 - elsapy.elsclient - INFO - Sending GET request to https://api.elsevier.com/content/search/scopus?query=AUTH%28Grabowska+and+Marta%29+AND+AF-ID%2860008555%29+AND+PUBYEAR+%3E+2016
2021-08-20 12:36:55,429 - elsapy.utils - INFO - Converting prism:coverDate
2021-08-20 12:36:58,770 - elsapy.elsclient - INFO - Sending GET request to https://api.elsevier.com/content/search/scopus?query=AUTH%28Grabski+and+Jakub%29+AND+AF-ID%2860008555%29+AND+PUBYEAR+%3E+2016
2021-08-20 12:36:59,581 - elsapy.utils - INFO - Converting prism:coverDate
2021-08-20 12:37:13,294 - elsapy.elsclient - INFO - Sending GET request to https://api.elsevier.com/content/search/scopus?query=AUTH%28Grajewski+and+Damian%29+AND+AF-ID%2860008555%29+AND+PUBYEAR+%3E+2016
2021-08-20 12:37:13,789 - elsapy.utils - INFO - Converting prism:coverDate
2021-08-20 12:37:16,096 - elsapy.elsclient - INFO - Sending GET request to https://api.elsevier.com/content/search/scopus?query=AUTH%28Grochalski+and+Karol%29+AND+AF-ID%2860008555%29+AND+PUBYEAR+%3E+2016
2021-08-20 12:37:16,685 - elsapy.utils - INFO - Converting prism:coverDate
2021-08-20 12:37:18,695 - elsapy.elsclient - INFO - Sending GET request to https://api.elsevier.com/content/search/scopus?query=AUTH%28Grudzie%C5%84+and+%C5%81ukasz%29+AND+AF-ID%2860008555%29+AND+PUBYEAR+%3E+2016
2021-08-20 12:37:19,210 - elsapy.utils - INFO - Converting prism:coverDate
2021-08-20 12:37:22,083 - elsapy.elsclient - INFO - Sending GET request to https://api.elsevier.com/content/search/scopus?query=AUTH%28Gruszka+and+J%C3%B3zef%29+AND+AF-ID%2860008555%29+AND+PUBYEAR+%3E+2016
2021-08-20 12:37:22,650 - elsapy.utils - INFO - Converting prism:coverDate
2021-08-20 12:37:23,952 - elsapy.elsclient - INFO - Sending GET request to https://api.elsevier.com/content/search/scopus?query=AUTH%28Hajkowski+and+Jakub%29+AND+AF-ID%2860008555%29+AND+PUBYEAR+%3E+2016
2021-08-20 12:37:24,688 - elsapy.utils - INFO - Converting prism:coverDate
2021-08-20 12:37:31,127 - elsapy.elsclient - INFO - Sending GET request to https://api.elsevier.com/content/search/scopus?query=AUTH%28Hamrol+and+Adam%29+AND+AF-ID%2860008555%29+AND+PUBYEAR+%3E+2016
2021-08-20 12:37:31,889 - elsapy.utils - INFO - Converting prism:coverDate
2021-08-20 12:37:38,837 - elsapy.elsclient - INFO - Sending GET request to https://api.elsevier.com/content/search/scopus?query=AUTH%28Hankiewicz+and+Krzysztof%29+AND+AF-ID%2860008555%29+AND+PUBYEAR+%3E+2016
2021-08-20 12:37:39,405 - elsapy.utils - INFO - Converting prism:coverDate
2021-08-20 12:37:42,267 - elsapy.elsclient - INFO - Sending GET request to https://api.elsevier.com/content/search/scopus?query=AUTH%28Hermann+and+Tomasz%29+AND+AF-ID%2860008555%29+AND+PUBYEAR+%3E+2016
2021-08-20 12:37:42,946 - elsapy.utils - INFO - Converting prism:coverDate
2021-08-20 12:37:53,318 - elsapy.elsclient - INFO - Sending GET request to https://api.elsevier.com/content/search/scopus?query=AUTH%28Hoffa+and+Patrycja%29+AND+AF-ID%2860008555%29+AND+PUBYEAR+%3E+2016
2021-08-20 12:37:53,876 - elsapy.utils - INFO - Converting prism:coverDate
2021-08-20 12:37:59,736 - elsapy.elsclient - INFO - Sending GET request to https://api.elsevier.com/content/search/scopus?query=AUTH%28Jakubek+and+Bartosz%29+AND+AF-ID%2860008555%29+AND+PUBYEAR+%3E+2016
2021-08-20 12:38:00,509 - elsapy.utils - INFO - Converting prism:coverDate
2021-08-20 12:38:01,521 - elsapy.elsclient - INFO - Sending GET request to https://api.elsevier.com/content/search/scopus?query=AUTH%28Jakubowicz+and+Micha%C5%82%29+AND+AF-ID%2860008555%29+AND+PUBYEAR+%3E+2016
2021-08-20 12:38:02,319 - elsapy.utils - INFO - Converting prism:coverDate
2021-08-20 12:38:10,127 - elsapy.elsclient - INFO - Sending GET request to https://api.elsevier.com/content/search/scopus?query=AUTH%28Jakubowski+and+Arkadiusz%29+AND+AF-ID%2860008555%29+AND+PUBYEAR+%3E+2016
2021-08-20 12:38:10,643 - elsapy.utils - INFO - Converting prism:coverDate
2021-08-20 12:38:18,595 - elsapy.elsclient - INFO - Sending GET request to https://api.elsevier.com/content/search/scopus?query=AUTH%28Jankowska+and+Ma%C5%82gorzata%29+AND+AF-ID%2860008555%29+AND+PUBYEAR+%3E+2016
2021-08-20 12:38:19,386 - elsapy.utils - INFO - Converting prism:coverDate
2021-08-20 12:38:30,480 - elsapy.elsclient - INFO - Sending GET request to https://api.elsevier.com/content/search/scopus?query=AUTH%28Jasion+and+Pawe%C5%82%29+AND+AF-ID%2860008555%29+AND+PUBYEAR+%3E+2016
2021-08-20 12:38:31,075 - elsapy.utils - INFO - Converting prism:coverDate
2021-08-20 12:38:34,120 - elsapy.elsclient - INFO - Sending GET request to https://api.elsevier.com/content/search/scopus?query=AUTH%28Jasiulewicz+and+Ma%C5%82gorzata%29+AND+AF-ID%2860008555%29+AND+PUBYEAR+%3E+2016
2021-08-20 12:38:34,768 - elsapy.utils - INFO - Converting prism:coverDate
2021-08-20 12:38:48,069 - elsapy.elsclient - INFO - Sending GET request to https://api.elsevier.com/content/search/scopus?query=AUTH%28Jopek+and+Hubert%29+AND+AF-ID%2860008555%29+AND+PUBYEAR+%3E+2016
2021-08-20 12:38:48,778 - elsapy.utils - INFO - Converting prism:coverDate
2021-08-20 12:39:00,038 - elsapy.elsclient - INFO - Sending GET request to https://api.elsevier.com/content/search/scopus?query=AUTH%28Karwasz+and+Anna%29+AND+AF-ID%2860008555%29+AND+PUBYEAR+%3E+2016
2021-08-20 12:39:00,685 - elsapy.utils - INFO - Converting prism:coverDate
2021-08-20 12:39:03,945 - elsapy.elsclient - INFO - Sending GET request to https://api.elsevier.com/content/search/scopus?query=AUTH%28K%C4%99dzia+and+Piotr%29+AND+AF-ID%2860008555%29+AND+PUBYEAR+%3E+2016
2021-08-20 12:39:04,374 - elsapy.utils - INFO - Converting prism:coverDate
2021-08-20 12:39:08,846 - elsapy.elsclient - INFO - Sending GET request to https://api.elsevier.com/content/search/scopus?query=AUTH%28Kieruj+and+Piotr%29+AND+AF-ID%2860008555%29+AND+PUBYEAR+%3E+2016
2021-08-20 12:39:09,331 - elsapy.utils - INFO - Converting prism:coverDate
2021-08-20 12:39:13,227 - elsapy.elsclient - INFO - Sending GET request to https://api.elsevier.com/content/search/scopus?query=AUTH%28Klockiewicz+and+Zbyszko%29+AND+AF-ID%2860008555%29+AND+PUBYEAR+%3E+2016
2021-08-20 12:39:13,698 - elsapy.utils - INFO - Converting prism:coverDate
2021-08-20 12:39:14,707 - elsapy.elsclient - INFO - Sending GET request to https://api.elsevier.com/content/search/scopus?query=AUTH%28Kluska+and+Kamila%29+AND+AF-ID%2860008555%29+AND+PUBYEAR+%3E+2016
2021-08-20 12:39:15,516 - elsapy.utils - INFO - Converting prism:coverDate
2021-08-20 12:39:21,084 - elsapy.elsclient - INFO - Sending GET request to https://api.elsevier.com/content/search/scopus?query=AUTH%28K%C5%82os+and+Zbigniew%29+AND+AF-ID%2860008555%29+AND+PUBYEAR+%3E+2016
2021-08-20 12:39:21,471 - elsapy.utils - INFO - Converting prism:coverDate
2021-08-20 12:39:22,480 - elsapy.elsclient - INFO - Sending GET request to https://api.elsevier.com/content/search/scopus?query=AUTH%28Knitter+and+Monika%29+AND+AF-ID%2860008555%29+AND+PUBYEAR+%3E+2016
2021-08-20 12:39:23,415 - elsapy.utils - INFO - Converting prism:coverDate
2021-08-20 12:39:25,305 - elsapy.elsclient - INFO - Sending GET request to https://api.elsevier.com/content/search/scopus?query=AUTH%28Kotecki+and+Krzysztof%29+AND+AF-ID%2860008555%29+AND+PUBYEAR+%3E+2016
2021-08-20 12:39:26,635 - elsapy.elsclient - INFO - Sending GET request to https://api.elsevier.com/content/search/scopus?query=AUTH%28Kotecki+and+K%29+AND+AF-ID%2860008555%29+AND+PUBYEAR+%3E+2016
2021-08-20 12:39:27,076 - elsapy.utils - INFO - Converting prism:coverDate
2021-08-20 12:39:31,551 - elsapy.elsclient - INFO - Sending GET request to https://api.elsevier.com/content/search/scopus?query=AUTH%28Kowal+and+Micha%C5%82%29+AND+AF-ID%2860008555%29+AND+PUBYEAR+%3E+2016
2021-08-20 12:39:32,057 - elsapy.utils - INFO - Converting prism:coverDate
2021-08-20 12:39:33,064 - elsapy.elsclient - INFO - Sending GET request to https://api.elsevier.com/content/search/scopus?query=AUTH%28Kowalczyk+and+Jakub%29+AND+AF-ID%2860008555%29+AND+PUBYEAR+%3E+2016
2021-08-20 12:39:33,872 - elsapy.utils - INFO - Converting prism:coverDate
2021-08-20 12:39:53,468 - elsapy.elsclient - INFO - Sending GET request to https://api.elsevier.com/content/search/scopus?query=AUTH%28Krawiec+and+Piotr%29+AND+AF-ID%2860008555%29+AND+PUBYEAR+%3E+2016
2021-08-20 12:39:54,047 - elsapy.utils - INFO - Converting prism:coverDate
2021-08-20 12:40:06,428 - elsapy.elsclient - INFO - Sending GET request to https://api.elsevier.com/content/search/scopus?query=AUTH%28Kroma+and+Arkadiusz%29+AND+AF-ID%2860008555%29+AND+PUBYEAR+%3E+2016
2021-08-20 12:40:07,796 - elsapy.elsclient - INFO - Sending GET request to https://api.elsevier.com/content/search/scopus?query=AUTH%28Kroma+and+A%29+AND+AF-ID%2860008555%29+AND+PUBYEAR+%3E+2016
2021-08-20 12:40:08,227 - elsapy.utils - INFO - Converting prism:coverDate
2021-08-20 12:40:10,400 - elsapy.elsclient - INFO - Sending GET request to https://api.elsevier.com/content/search/scopus?query=AUTH%28Kubacki+and+Arkadiusz%29+AND+AF-ID%2860008555%29+AND+PUBYEAR+%3E+2016
2021-08-20 12:40:11,098 - elsapy.utils - INFO - Converting prism:coverDate
2021-08-20 12:40:20,228 - elsapy.elsclient - INFO - Sending GET request to https://api.elsevier.com/content/search/scopus?query=AUTH%28Kucharski+and+Dawid%29+AND+AF-ID%2860008555%29+AND+PUBYEAR+%3E+2016
2021-08-20 12:40:20,881 - elsapy.utils - INFO - Converting prism:coverDate
2021-08-20 12:40:27,019 - elsapy.elsclient - INFO - Sending GET request to https://api.elsevier.com/content/search/scopus?query=AUTH%28Kuczko+and+Wies%C5%82aw%29+AND+AF-ID%2860008555%29+AND+PUBYEAR+%3E+2016
2021-08-20 12:40:27,404 - elsapy.utils - INFO - Converting prism:coverDate
2021-08-20 12:40:28,949 - elsapy.elsclient - INFO - Sending GET request to https://api.elsevier.com/content/search/scopus?query=AUTH%28Kujawi%C5%84ska+and+Agnieszka%29+AND+AF-ID%2860008555%29+AND+PUBYEAR+%3E+2016
2021-08-20 12:40:29,780 - elsapy.utils - INFO - Converting prism:coverDate
2021-08-20 12:40:37,400 - elsapy.elsclient - INFO - Sending GET request to https://api.elsevier.com/content/search/scopus?query=AUTH%28Kukla+and+Mateusz%29+AND+AF-ID%2860008555%29+AND+PUBYEAR+%3E+2016
2021-08-20 12:40:37,970 - elsapy.utils - INFO - Converting prism:coverDate
2021-08-20 12:40:49,677 - elsapy.elsclient - INFO - Sending GET request to https://api.elsevier.com/content/search/scopus?query=AUTH%28Kupczyk+and+Maciej%29+AND+AF-ID%2860008555%29+AND+PUBYEAR+%3E+2016
2021-08-20 12:40:50,122 - elsapy.utils - INFO - Converting prism:coverDate
2021-08-20 12:40:56,925 - elsapy.elsclient - INFO - Sending GET request to https://api.elsevier.com/content/search/scopus?query=AUTH%28Kupiec+and+Agnieszka%29+AND+AF-ID%2860008555%29+AND+PUBYEAR+%3E+2016
2021-08-20 12:40:58,255 - elsapy.elsclient - INFO - Sending GET request to https://api.elsevier.com/content/search/scopus?query=AUTH%28Kupiec+and+A%29+AND+AF-ID%2860008555%29+AND+PUBYEAR+%3E+2016
2021-08-20 12:40:59,677 - elsapy.elsclient - INFO - Sending GET request to https://api.elsevier.com/content/search/scopus?query=AUTH%28Kurpisz+and+Dariusz%29+AND+AF-ID%2860008555%29+AND+PUBYEAR+%3E+2016
2021-08-20 12:41:00,150 - elsapy.utils - INFO - Converting prism:coverDate
2021-08-20 12:41:02,713 - elsapy.elsclient - INFO - Sending GET request to https://api.elsevier.com/content/search/scopus?query=AUTH%28Legutko+and+Stanis%C5%82aw%29+AND+AF-ID%2860008555%29+AND+PUBYEAR+%3E+2016
2021-08-20 12:41:04,526 - elsapy.elsclient - INFO - Sending GET request to https://api.elsevier.com/content/search/scopus?start=25&count=25&query=AUTH%28Legutko+and+Stanis%C5%82aw%29+AND+AF-ID%2860008555%29+AND+PUBYEAR+%3E+2016
2021-08-20 12:41:05,049 - elsapy.utils - INFO - Converting prism:coverDate
2021-08-20 12:41:35,441 - elsapy.elsclient - INFO - Sending GET request to https://api.elsevier.com/content/search/scopus?query=AUTH%28Lindner+and+Tymoteusz%29+AND+AF-ID%2860008555%29+AND+PUBYEAR+%3E+2016
2021-08-20 12:41:35,947 - elsapy.utils - INFO - Converting prism:coverDate
2021-08-20 12:41:40,056 - elsapy.elsclient - INFO - Sending GET request to https://api.elsevier.com/content/search/scopus?query=AUTH%28Lubi%C5%84ski+and+Piotr%29+AND+AF-ID%2860008555%29+AND+PUBYEAR+%3E+2016
2021-08-20 12:41:41,533 - elsapy.elsclient - INFO - Sending GET request to https://api.elsevier.com/content/search/scopus?query=AUTH%28Lubi%C5%84ski+and+P%29+AND+AF-ID%2860008555%29+AND+PUBYEAR+%3E+2016
2021-08-20 12:41:41,930 - elsapy.utils - INFO - Converting prism:coverDate
2021-08-20 12:41:42,937 - elsapy.elsclient - INFO - Sending GET request to https://api.elsevier.com/content/search/scopus?query=AUTH%28%C5%81apka+and+Wojciech%29+AND+AF-ID%2860008555%29+AND+PUBYEAR+%3E+2016
2021-08-20 12:41:43,716 - elsapy.utils - INFO - Converting prism:coverDate
2021-08-20 12:41:45,624 - elsapy.elsclient - INFO - Sending GET request to https://api.elsevier.com/content/search/scopus?query=AUTH%28%C5%81yduch+and+Konrad%29+AND+AF-ID%2860008555%29+AND+PUBYEAR+%3E+2016
2021-08-20 12:41:47,009 - elsapy.elsclient - INFO - Sending GET request to https://api.elsevier.com/content/search/scopus?query=AUTH%28%C5%81yduch+and+K%29+AND+AF-ID%2860008555%29+AND+PUBYEAR+%3E+2016
2021-08-20 12:41:48,396 - elsapy.elsclient - INFO - Sending GET request to https://api.elsevier.com/content/search/scopus?query=AUTH%28Macyszyn+and+%C5%81ukasz%29+AND+AF-ID%2860008555%29+AND+PUBYEAR+%3E+2016
2021-08-20 12:41:48,952 - elsapy.utils - INFO - Converting prism:coverDate
2021-08-20 12:41:50,940 - elsapy.elsclient - INFO - Sending GET request to https://api.elsevier.com/content/search/scopus?query=AUTH%28Magnucka+and+Ewa%29+AND+AF-ID%2860008555%29+AND+PUBYEAR+%3E+2016
2021-08-20 12:41:51,412 - elsapy.utils - INFO - Converting prism:coverDate
2021-08-20 12:42:02,682 - elsapy.elsclient - INFO - Sending GET request to https://api.elsevier.com/content/search/scopus?query=AUTH%28Majchrowski+and+Radomir%29+AND+AF-ID%2860008555%29+AND+PUBYEAR+%3E+2016
2021-08-20 12:42:03,290 - elsapy.utils - INFO - Converting prism:coverDate
2021-08-20 12:42:06,154 - elsapy.elsclient - INFO - Sending GET request to https://api.elsevier.com/content/search/scopus?query=AUTH%28Ma%C5%82dzi%C5%84ski+and+Leszek%29+AND+AF-ID%2860008555%29+AND+PUBYEAR+%3E+2016
2021-08-20 12:42:07,481 - elsapy.elsclient - INFO - Sending GET request to https://api.elsevier.com/content/search/scopus?query=AUTH%28Ma%C5%82dzi%C5%84ski+and+L%29+AND+AF-ID%2860008555%29+AND+PUBYEAR+%3E+2016
2021-08-20 12:42:07,935 - elsapy.utils - INFO - Converting prism:coverDate
2021-08-20 12:42:08,948 - elsapy.elsclient - INFO - Sending GET request to https://api.elsevier.com/content/search/scopus?query=AUTH%28Markowski+and+Jaros%C5%82aw%29+AND+AF-ID%2860008555%29+AND+PUBYEAR+%3E+2016
2021-08-20 12:42:09,404 - elsapy.utils - INFO - Converting prism:coverDate
2021-08-20 12:42:24,010 - elsapy.elsclient - INFO - Sending GET request to https://api.elsevier.com/content/search/scopus?query=AUTH%28Matysiak+and+Waldemar%29+AND+AF-ID%2860008555%29+AND+PUBYEAR+%3E+2016
2021-08-20 12:42:24,962 - elsapy.utils - INFO - Converting prism:coverDate
2021-08-20 12:42:27,855 - elsapy.elsclient - INFO - Sending GET request to https://api.elsevier.com/content/search/scopus?query=AUTH%28Mendak+and+Micha%C5%82%29+AND+AF-ID%2860008555%29+AND+PUBYEAR+%3E+2016
2021-08-20 12:42:28,476 - elsapy.utils - INFO - Converting prism:coverDate
2021-08-20 12:42:29,482 - elsapy.elsclient - INFO - Sending GET request to https://api.elsevier.com/content/search/scopus?query=AUTH%28Mierzwiczak+and+Magdalena%29+AND+AF-ID%2860008555%29+AND+PUBYEAR+%3E+2016
2021-08-20 12:42:29,899 - elsapy.utils - INFO - Converting prism:coverDate
2021-08-20 12:42:30,911 - elsapy.elsclient - INFO - Sending GET request to https://api.elsevier.com/content/search/scopus?query=AUTH%28Migda+and+Ma%C5%82gorzata%29+AND+AF-ID%2860008555%29+AND+PUBYEAR+%3E+2016
2021-08-20 12:42:31,528 - elsapy.utils - INFO - Converting prism:coverDate
2021-08-20 12:42:46,744 - elsapy.elsclient - INFO - Sending GET request to https://api.elsevier.com/content/search/scopus?query=AUTH%28Miko%C5%82ajczak+and+Piotr%29+AND+AF-ID%2860008555%29+AND+PUBYEAR+%3E+2016
2021-08-20 12:42:47,202 - elsapy.utils - INFO - Converting prism:coverDate
2021-08-20 12:42:52,977 - elsapy.elsclient - INFO - Sending GET request to https://api.elsevier.com/content/search/scopus?query=AUTH%28Milecki+and+Andrzej%29+AND+AF-ID%2860008555%29+AND+PUBYEAR+%3E+2016
2021-08-20 12:42:53,624 - elsapy.utils - INFO - Converting prism:coverDate
2021-08-20 12:43:05,420 - elsapy.elsclient - INFO - Sending GET request to https://api.elsevier.com/content/search/scopus?query=AUTH%28Morzy%C5%84ski+and+Marek%29+AND+AF-ID%2860008555%29+AND+PUBYEAR+%3E+2016
2021-08-20 12:43:05,965 - elsapy.utils - INFO - Converting prism:coverDate
2021-08-20 12:43:07,228 - elsapy.elsclient - INFO - Sending GET request to https://api.elsevier.com/content/search/scopus?query=AUTH%28Mosi%C4%99%C5%BCny+and+J%C4%99drzej%29+AND+AF-ID%2860008555%29+AND+PUBYEAR+%3E+2016
2021-08-20 12:43:07,846 - elsapy.utils - INFO - Converting prism:coverDate
2021-08-20 12:43:12,195 - elsapy.elsclient - INFO - Sending GET request to https://api.elsevier.com/content/search/scopus?query=AUTH%28Mrozek+and+Krzysztof%29+AND+AF-ID%2860008555%29+AND+PUBYEAR+%3E+2016
2021-08-20 12:43:12,746 - elsapy.utils - INFO - Converting prism:coverDate
2021-08-20 12:43:16,864 - elsapy.elsclient - INFO - Sending GET request to https://api.elsevier.com/content/search/scopus?query=AUTH%28Muszy%C5%84ski+and+Pawe%C5%82%29+AND+AF-ID%2860008555%29+AND+PUBYEAR+%3E+2016
2021-08-20 12:43:17,339 - elsapy.utils - INFO - Converting prism:coverDate
2021-08-20 12:43:18,340 - elsapy.elsclient - INFO - Sending GET request to https://api.elsevier.com/content/search/scopus?query=AUTH%28Mysiukiewicz+and+Olga%29+AND+AF-ID%2860008555%29+AND+PUBYEAR+%3E+2016
2021-08-20 12:43:18,862 - elsapy.utils - INFO - Converting prism:coverDate
2021-08-20 12:43:29,815 - elsapy.elsclient - INFO - Sending GET request to https://api.elsevier.com/content/search/scopus?query=AUTH%28Nowak+and+Micha%C5%82%29+AND+AF-ID%2860008555%29+AND+PUBYEAR+%3E+2016
2021-08-20 12:43:30,312 - elsapy.utils - INFO - Converting prism:coverDate
2021-08-20 12:43:39,257 - elsapy.elsclient - INFO - Sending GET request to https://api.elsevier.com/content/search/scopus?query=AUTH%28Nowak+and+Marcin%29+AND+AF-ID%2860008555%29+AND+PUBYEAR+%3E+2016
2021-08-20 12:43:39,821 - elsapy.utils - INFO - Converting prism:coverDate
2021-08-20 12:43:42,004 - elsapy.elsclient - INFO - Sending GET request to https://api.elsevier.com/content/search/scopus?query=AUTH%28Obst+and+Maciej%29+AND+AF-ID%2860008555%29+AND+PUBYEAR+%3E+2016
2021-08-20 12:43:42,422 - elsapy.utils - INFO - Converting prism:coverDate
2021-08-20 12:43:43,683 - elsapy.elsclient - INFO - Sending GET request to https://api.elsevier.com/content/search/scopus?query=AUTH%28Ohde+and+Bart%C5%82omiej%29+AND+AF-ID%2860008555%29+AND+PUBYEAR+%3E+2016
2021-08-20 12:43:45,072 - elsapy.elsclient - INFO - Sending GET request to https://api.elsevier.com/content/search/scopus?query=AUTH%28Ohde+and+B%29+AND+AF-ID%2860008555%29+AND+PUBYEAR+%3E+2016
2021-08-20 12:43:46,423 - elsapy.elsclient - INFO - Sending GET request to https://api.elsevier.com/content/search/scopus?query=AUTH%28Osi%C5%84ski+and+Filip%29+AND+AF-ID%2860008555%29+AND+PUBYEAR+%3E+2016
2021-08-20 12:43:47,065 - elsapy.utils - INFO - Converting prism:coverDate
2021-08-20 12:43:50,860 - elsapy.elsclient - INFO - Sending GET request to https://api.elsevier.com/content/search/scopus?query=AUTH%28Ostrowska+and+Karolina%29+AND+AF-ID%2860008555%29+AND+PUBYEAR+%3E+2016
2021-08-20 12:43:52,420 - elsapy.elsclient - INFO - Sending GET request to https://api.elsevier.com/content/search/scopus?query=AUTH%28Ostrowska+and+K%29+AND+AF-ID%2860008555%29+AND+PUBYEAR+%3E+2016
2021-08-20 12:43:52,835 - elsapy.utils - INFO - Converting prism:coverDate
2021-08-20 12:43:53,847 - elsapy.elsclient - INFO - Sending GET request to https://api.elsevier.com/content/search/scopus?query=AUTH%28Pabiszczak+and+Stanis%C5%82aw%29+AND+AF-ID%2860008555%29+AND+PUBYEAR+%3E+2016
2021-08-20 12:43:54,290 - elsapy.utils - INFO - Converting prism:coverDate
2021-08-20 12:43:56,256 - elsapy.elsclient - INFO - Sending GET request to https://api.elsevier.com/content/search/scopus?query=AUTH%28Paczos+and+Piotr%29+AND+AF-ID%2860008555%29+AND+PUBYEAR+%3E+2016
2021-08-20 12:43:56,709 - elsapy.utils - INFO - Converting prism:coverDate
2021-08-20 12:43:59,360 - elsapy.elsclient - INFO - Sending GET request to https://api.elsevier.com/content/search/scopus?query=AUTH%28Paj%C4%85k+and+Edward%29+AND+AF-ID%2860008555%29+AND+PUBYEAR+%3E+2016
2021-08-20 12:44:00,687 - elsapy.elsclient - INFO - Sending GET request to https://api.elsevier.com/content/search/scopus?query=AUTH%28Paj%C4%85k+and+E%29+AND+AF-ID%2860008555%29+AND+PUBYEAR+%3E+2016
2021-08-20 12:44:02,225 - elsapy.elsclient - INFO - Sending GET request to https://api.elsevier.com/content/search/scopus?query=AUTH%28Patalas+and+Adam%29+AND+AF-ID%2860008555%29+AND+PUBYEAR+%3E+2016
2021-08-20 12:44:02,643 - elsapy.utils - INFO - Converting prism:coverDate
2021-08-20 12:44:06,472 - elsapy.elsclient - INFO - Sending GET request to https://api.elsevier.com/content/search/scopus?query=AUTH%28Pawlewski+and+Pawe%C5%82%29+AND+AF-ID%2860008555%29+AND+PUBYEAR+%3E+2016
2021-08-20 12:44:06,975 - elsapy.utils - INFO - Converting prism:coverDate
2021-08-20 12:44:19,030 - elsapy.elsclient - INFO - Sending GET request to https://api.elsevier.com/content/search/scopus?query=AUTH%28Paw%C5%82owski++and+Tadeusz%29+AND+AF-ID%2860008555%29+AND+PUBYEAR+%3E+2016
2021-08-20 12:44:20,377 - elsapy.elsclient - INFO - Sending GET request to https://api.elsevier.com/content/search/scopus?query=AUTH%28Paw%C5%82owski++and+T%29+AND+AF-ID%2860008555%29+AND+PUBYEAR+%3E+2016
2021-08-20 12:44:20,817 - elsapy.utils - INFO - Converting prism:coverDate
2021-08-20 12:44:23,677 - elsapy.elsclient - INFO - Sending GET request to https://api.elsevier.com/content/search/scopus?query=AUTH%28Pelic+and+Marcin%29+AND+AF-ID%2860008555%29+AND+PUBYEAR+%3E+2016
2021-08-20 12:44:24,093 - elsapy.utils - INFO - Converting prism:coverDate
2021-08-20 12:44:25,094 - elsapy.elsclient - INFO - Sending GET request to https://api.elsevier.com/content/search/scopus?query=AUTH%28Perz+and+Karolina%29+AND+AF-ID%2860008555%29+AND+PUBYEAR+%3E+2016
2021-08-20 12:44:25,626 - elsapy.utils - INFO - Converting prism:coverDate
2021-08-20 12:44:26,646 - elsapy.elsclient - INFO - Sending GET request to https://api.elsevier.com/content/search/scopus?query=AUTH%28Peta+and+Katarzyna%29+AND+AF-ID%2860008555%29+AND+PUBYEAR+%3E+2016
2021-08-20 12:44:27,112 - elsapy.utils - INFO - Converting prism:coverDate
2021-08-20 12:44:31,288 - elsapy.elsclient - INFO - Sending GET request to https://api.elsevier.com/content/search/scopus?query=AUTH%28P%C5%82uciennik+and+Ryszard%29+AND+AF-ID%2860008555%29+AND+PUBYEAR+%3E+2016
2021-08-20 12:44:31,698 - elsapy.utils - INFO - Converting prism:coverDate
2021-08-20 12:44:33,398 - elsapy.elsclient - INFO - Sending GET request to https://api.elsevier.com/content/search/scopus?query=AUTH%28Popielarski+and+Pawe%C5%82%29+AND+AF-ID%2860008555%29+AND+PUBYEAR+%3E+2016
2021-08-20 12:44:33,889 - elsapy.utils - INFO - Converting prism:coverDate
2021-08-20 12:44:36,175 - elsapy.elsclient - INFO - Sending GET request to https://api.elsevier.com/content/search/scopus?query=AUTH%28Przestacki+and+Damian%29+AND+AF-ID%2860008555%29+AND+PUBYEAR+%3E+2016
2021-08-20 12:44:36,716 - elsapy.utils - INFO - Converting prism:coverDate
2021-08-20 12:44:43,300 - elsapy.elsclient - INFO - Sending GET request to https://api.elsevier.com/content/search/scopus?query=AUTH%28Regulski+and+Roman%29+AND+AF-ID%2860008555%29+AND+PUBYEAR+%3E+2016
2021-08-20 12:44:44,314 - elsapy.utils - INFO - Converting prism:coverDate
2021-08-20 12:44:45,445 - elsapy.elsclient - INFO - Sending GET request to https://api.elsevier.com/content/search/scopus?query=AUTH%28Rewers+and+Paulina%29+AND+AF-ID%2860008555%29+AND+PUBYEAR+%3E+2016
2021-08-20 12:44:46,074 - elsapy.utils - INFO - Converting prism:coverDate
2021-08-20 12:45:00,218 - elsapy.elsclient - INFO - Sending GET request to https://api.elsevier.com/content/search/scopus?query=AUTH%28Rodak+and+Marcin%29+AND+AF-ID%2860008555%29+AND+PUBYEAR+%3E+2016
2021-08-20 12:45:00,654 - elsapy.utils - INFO - Converting prism:coverDate
2021-08-20 12:45:01,656 - elsapy.elsclient - INFO - Sending GET request to https://api.elsevier.com/content/search/scopus?query=AUTH%28Rogalewicz+and+Micha%C5%82%29+AND+AF-ID%2860008555%29+AND+PUBYEAR+%3E+2016
2021-08-20 12:45:02,415 - elsapy.utils - INFO - Converting prism:coverDate
2021-08-20 12:45:09,714 - elsapy.elsclient - INFO - Sending GET request to https://api.elsevier.com/content/search/scopus?query=AUTH%28Romek+and+Dawid%29+AND+AF-ID%2860008555%29+AND+PUBYEAR+%3E+2016
2021-08-20 12:45:10,089 - elsapy.utils - INFO - Converting prism:coverDate
2021-08-20 12:45:11,247 - elsapy.elsclient - INFO - Sending GET request to https://api.elsevier.com/content/search/scopus?query=AUTH%28Roszak+and+Robert%29+AND+AF-ID%2860008555%29+AND+PUBYEAR+%3E+2016
2021-08-20 12:45:11,841 - elsapy.utils - INFO - Converting prism:coverDate
2021-08-20 12:45:17,774 - elsapy.elsclient - INFO - Sending GET request to https://api.elsevier.com/content/search/scopus?query=AUTH%28R%C3%B3%C5%BCa%C5%84ski+and+Leszek%29+AND+AF-ID%2860008555%29+AND+PUBYEAR+%3E+2016
2021-08-20 12:45:18,157 - elsapy.utils - INFO - Converting prism:coverDate
2021-08-20 12:45:19,159 - elsapy.elsclient - INFO - Sending GET request to https://api.elsevier.com/content/search/scopus?query=AUTH%28Rukat+and+Wojciech%29+AND+AF-ID%2860008555%29+AND+PUBYEAR+%3E+2016
2021-08-20 12:45:19,588 - elsapy.utils - INFO - Converting prism:coverDate
2021-08-20 12:45:20,677 - elsapy.elsclient - INFO - Sending GET request to https://api.elsevier.com/content/search/scopus?query=AUTH%28Rybarczyk+and+Dominik%29+AND+AF-ID%2860008555%29+AND+PUBYEAR+%3E+2016
2021-08-20 12:45:21,223 - elsapy.utils - INFO - Converting prism:coverDate
2021-08-20 12:45:27,724 - elsapy.elsclient - INFO - Sending GET request to https://api.elsevier.com/content/search/scopus?query=AUTH%28Rychlik+and+Micha%C5%82%29+AND+AF-ID%2860008555%29+AND+PUBYEAR+%3E+2016
2021-08-20 12:45:28,133 - elsapy.utils - INFO - Converting prism:coverDate
2021-08-20 12:45:29,871 - elsapy.elsclient - INFO - Sending GET request to https://api.elsevier.com/content/search/scopus?query=AUTH%28Salamon+and+Robert%29+AND+AF-ID%2860008555%29+AND+PUBYEAR+%3E+2016
2021-08-20 12:45:30,309 - elsapy.utils - INFO - Converting prism:coverDate
2021-08-20 12:45:31,346 - elsapy.elsclient - INFO - Sending GET request to https://api.elsevier.com/content/search/scopus?query=AUTH%28Selech+and+Jaros%C5%82aw%29+AND+AF-ID%2860008555%29+AND+PUBYEAR+%3E+2016
2021-08-20 12:45:31,947 - elsapy.utils - INFO - Converting prism:coverDate
2021-08-20 12:45:43,611 - elsapy.elsclient - INFO - Sending GET request to https://api.elsevier.com/content/search/scopus?query=AUTH%28Sika+and+Robert%29+AND+AF-ID%2860008555%29+AND+PUBYEAR+%3E+2016
2021-08-20 12:45:44,097 - elsapy.utils - INFO - Converting prism:coverDate
2021-08-20 12:45:54,601 - elsapy.elsclient - INFO - Sending GET request to https://api.elsevier.com/content/search/scopus?query=AUTH%28Siwak+and+Piotr%29+AND+AF-ID%2860008555%29+AND+PUBYEAR+%3E+2016
2021-08-20 12:45:55,346 - elsapy.utils - INFO - Converting prism:coverDate
2021-08-20 12:46:01,578 - elsapy.elsclient - INFO - Sending GET request to https://api.elsevier.com/content/search/scopus?query=AUTH%28Smyczy%C5%84ski+and+Miko%C5%82aj%29+AND+AF-ID%2860008555%29+AND+PUBYEAR+%3E+2016
2021-08-20 12:46:02,014 - elsapy.utils - INFO - Converting prism:coverDate
2021-08-20 12:46:08,640 - elsapy.elsclient - INFO - Sending GET request to https://api.elsevier.com/content/search/scopus?query=AUTH%28Sowi%C5%84ski+and+Krzysztof%29+AND+AF-ID%2860008555%29+AND+PUBYEAR+%3E+2016
2021-08-20 12:46:09,094 - elsapy.utils - INFO - Converting prism:coverDate
2021-08-20 12:46:11,733 - elsapy.elsclient - INFO - Sending GET request to https://api.elsevier.com/content/search/scopus?query=AUTH%28Spad%C5%82o+and+Miko%C5%82aj%29+AND+AF-ID%2860008555%29+AND+PUBYEAR+%3E+2016
2021-08-20 12:46:12,216 - elsapy.utils - INFO - Converting prism:coverDate
2021-08-20 12:46:13,218 - elsapy.elsclient - INFO - Sending GET request to https://api.elsevier.com/content/search/scopus?query=AUTH%28Stachowska+and+Ewa%29+AND+AF-ID%2860008555%29+AND+PUBYEAR+%3E+2016
2021-08-20 12:46:13,642 - elsapy.utils - INFO - Converting prism:coverDate
2021-08-20 12:46:15,588 - elsapy.elsclient - INFO - Sending GET request to https://api.elsevier.com/content/search/scopus?query=AUTH%28Stankiewicz+and+Witold%29+AND+AF-ID%2860008555%29+AND+PUBYEAR+%3E+2016
2021-08-20 12:46:16,157 - elsapy.utils - INFO - Converting prism:coverDate
2021-08-20 12:46:29,123 - elsapy.elsclient - INFO - Sending GET request to https://api.elsevier.com/content/search/scopus?query=AUTH%28Starosta+and+Roman%29+AND+AF-ID%2860008555%29+AND+PUBYEAR+%3E+2016
2021-08-20 12:46:29,632 - elsapy.utils - INFO - Converting prism:coverDate
2021-08-20 12:46:34,000 - elsapy.elsclient - INFO - Sending GET request to https://api.elsevier.com/content/search/scopus?query=AUTH%28Starzy%C5%84ska+and+Beata%29+AND+AF-ID%2860008555%29+AND+PUBYEAR+%3E+2016
2021-08-20 12:46:34,481 - elsapy.utils - INFO - Converting prism:coverDate
2021-08-20 12:46:36,617 - elsapy.elsclient - INFO - Sending GET request to https://api.elsevier.com/content/search/scopus?query=AUTH%28Str%C4%99k+and+Tomasz%29+AND+AF-ID%2860008555%29+AND+PUBYEAR+%3E+2016
2021-08-20 12:46:37,220 - elsapy.utils - INFO - Converting prism:coverDate
2021-08-20 12:46:56,678 - elsapy.elsclient - INFO - Sending GET request to https://api.elsevier.com/content/search/scopus?query=AUTH%28Suchora+and+Magdalena%29+AND+AF-ID%2860008555%29+AND+PUBYEAR+%3E+2016
2021-08-20 12:46:58,094 - elsapy.elsclient - INFO - Sending GET request to https://api.elsevier.com/content/search/scopus?query=AUTH%28Suchora+and+M%29+AND+AF-ID%2860008555%29+AND+PUBYEAR+%3E+2016
2021-08-20 12:46:59,526 - elsapy.elsclient - INFO - Sending GET request to https://api.elsevier.com/content/search/scopus?query=AUTH%28Suszy%C5%84ski+and+Marcin%29+AND+AF-ID%2860008555%29+AND+PUBYEAR+%3E+2016
2021-08-20 12:47:00,062 - elsapy.utils - INFO - Converting prism:coverDate
2021-08-20 12:47:04,974 - elsapy.elsclient - INFO - Sending GET request to https://api.elsevier.com/content/search/scopus?query=AUTH%28Swojak+and+Natalia%29+AND+AF-ID%2860008555%29+AND+PUBYEAR+%3E+2016
2021-08-20 12:47:05,613 - elsapy.utils - INFO - Converting prism:coverDate
2021-08-20 12:47:07,491 - elsapy.elsclient - INFO - Sending GET request to https://api.elsevier.com/content/search/scopus?query=AUTH%28Sypniewska+and+Gra%C5%BCyna%29+AND+AF-ID%2860008555%29+AND+PUBYEAR+%3E+2016
2021-08-20 12:47:07,877 - elsapy.utils - INFO - Converting prism:coverDate
2021-08-20 12:47:09,715 - elsapy.elsclient - INFO - Sending GET request to https://api.elsevier.com/content/search/scopus?query=AUTH%28Szczepaniak+and+Jan%29+AND+AF-ID%2860008555%29+AND+PUBYEAR+%3E+2016
2021-08-20 12:47:11,158 - elsapy.elsclient - INFO - Sending GET request to https://api.elsevier.com/content/search/scopus?query=AUTH%28Szczepaniak+and+J%29+AND+AF-ID%2860008555%29+AND+PUBYEAR+%3E+2016
2021-08-20 12:47:11,600 - elsapy.utils - INFO - Converting prism:coverDate
2021-08-20 12:47:14,242 - elsapy.elsclient - INFO - Sending GET request to https://api.elsevier.com/content/search/scopus?query=AUTH%28SZOSTAK+and+MAREK%29+AND+AF-ID%2860008555%29+AND+PUBYEAR+%3E+2016
2021-08-20 12:47:14,682 - elsapy.utils - INFO - Converting prism:coverDate
2021-08-20 12:47:21,232 - elsapy.elsclient - INFO - Sending GET request to https://api.elsevier.com/content/search/scopus?query=AUTH%28Szyma%C5%84ski+and+Pawe%C5%82%29+AND+AF-ID%2860008555%29+AND+PUBYEAR+%3E+2016
2021-08-20 12:47:21,822 - elsapy.utils - INFO - Converting prism:coverDate
2021-08-20 12:47:38,568 - elsapy.elsclient - INFO - Sending GET request to https://api.elsevier.com/content/search/scopus?query=AUTH%28%C5%9Alaski+and+Grzegorz%29+AND+AF-ID%2860008555%29+AND+PUBYEAR+%3E+2016
2021-08-20 12:47:39,203 - elsapy.utils - INFO - Converting prism:coverDate
2021-08-20 12:47:41,311 - elsapy.elsclient - INFO - Sending GET request to https://api.elsevier.com/content/search/scopus?query=AUTH%28%C5%9Aledzi%C5%84ski+and+Micha%C5%82%29+AND+AF-ID%2860008555%29+AND+PUBYEAR+%3E+2016
2021-08-20 12:47:41,772 - elsapy.utils - INFO - Converting prism:coverDate
2021-08-20 12:47:45,315 - elsapy.elsclient - INFO - Sending GET request to https://api.elsevier.com/content/search/scopus?query=AUTH%28Tabaszewski+and+Maciej%29+AND+AF-ID%2860008555%29+AND+PUBYEAR+%3E+2016
2021-08-20 12:47:45,840 - elsapy.utils - INFO - Converting prism:coverDate
2021-08-20 12:47:47,806 - elsapy.elsclient - INFO - Sending GET request to https://api.elsevier.com/content/search/scopus?query=AUTH%28Talar+and+Rafa%C5%82%29+AND+AF-ID%2860008555%29+AND+PUBYEAR+%3E+2016
2021-08-20 12:47:49,168 - elsapy.utils - INFO - Converting prism:coverDate
2021-08-20 12:47:51,014 - elsapy.elsclient - INFO - Sending GET request to https://api.elsevier.com/content/search/scopus?query=AUTH%28Tala%C5%9Bka+and+Krzysztof%29+AND+AF-ID%2860008555%29+AND+PUBYEAR+%3E+2016
2021-08-20 12:47:51,900 - elsapy.utils - INFO - Converting prism:coverDate
2021-08-20 12:48:03,490 - elsapy.elsclient - INFO - Sending GET request to https://api.elsevier.com/content/search/scopus?query=AUTH%28Trojanowska+and+Justyna%29+AND+AF-ID%2860008555%29+AND+PUBYEAR+%3E+2016
2021-08-20 12:48:04,178 - elsapy.utils - INFO - Converting prism:coverDate
2021-08-20 12:48:18,100 - elsapy.elsclient - INFO - Sending GET request to https://api.elsevier.com/content/search/scopus?query=AUTH%28Tuliszka+and+Ewa%29+AND+AF-ID%2860008555%29+AND+PUBYEAR+%3E+2016
2021-08-20 12:48:18,734 - elsapy.utils - INFO - Converting prism:coverDate
2021-08-20 12:48:21,868 - elsapy.elsclient - INFO - Sending GET request to https://api.elsevier.com/content/search/scopus?query=AUTH%28Twardowski+and+Pawe%C5%82%29+AND+AF-ID%2860008555%29+AND+PUBYEAR+%3E+2016
2021-08-20 12:48:22,267 - elsapy.utils - INFO - Converting prism:coverDate
2021-08-20 12:48:25,142 - elsapy.elsclient - INFO - Sending GET request to https://api.elsevier.com/content/search/scopus?query=AUTH%28Tyczewski+and+Przemys%C5%82aw%29+AND+AF-ID%2860008555%29+AND+PUBYEAR+%3E+2016
2021-08-20 12:48:26,461 - elsapy.elsclient - INFO - Sending GET request to https://api.elsevier.com/content/search/scopus?query=AUTH%28Tyczewski+and+P%29+AND+AF-ID%2860008555%29+AND+PUBYEAR+%3E+2016
2021-08-20 12:48:26,910 - elsapy.utils - INFO - Converting prism:coverDate
2021-08-20 12:48:27,921 - elsapy.elsclient - INFO - Sending GET request to https://api.elsevier.com/content/search/scopus?query=AUTH%28U%C5%9Bci%C5%82owska+and+Anita%29+AND+AF-ID%2860008555%29+AND+PUBYEAR+%3E+2016
2021-08-20 12:48:28,392 - elsapy.utils - INFO - Converting prism:coverDate
2021-08-20 12:48:30,452 - elsapy.elsclient - INFO - Sending GET request to https://api.elsevier.com/content/search/scopus?query=AUTH%28Walczak+and+Tomasz%29+AND+AF-ID%2860008555%29+AND+PUBYEAR+%3E+2016
2021-08-20 12:48:30,978 - elsapy.utils - INFO - Converting prism:coverDate
2021-08-20 12:48:37,938 - elsapy.elsclient - INFO - Sending GET request to https://api.elsevier.com/content/search/scopus?query=AUTH%28Walu%C5%9B+and+Konrad%29+AND+AF-ID%2860008555%29+AND+PUBYEAR+%3E+2016
2021-08-20 12:48:38,408 - elsapy.utils - INFO - Converting prism:coverDate
2021-08-20 12:48:40,256 - elsapy.elsclient - INFO - Sending GET request to https://api.elsevier.com/content/search/scopus?query=AUTH%28Wa%C5%82%C4%99sa+and+Krzysztof%29+AND+AF-ID%2860008555%29+AND+PUBYEAR+%3E+2016
2021-08-20 12:48:40,770 - elsapy.utils - INFO - Converting prism:coverDate
2021-08-20 12:48:43,343 - elsapy.elsclient - INFO - Sending GET request to https://api.elsevier.com/content/search/scopus?query=AUTH%28Wargu%C5%82a+and+%C5%81ukasz%29+AND+AF-ID%2860008555%29+AND+PUBYEAR+%3E+2016
2021-08-20 12:48:45,415 - elsapy.elsclient - INFO - Sending GET request to https://api.elsevier.com/content/search/scopus?start=25&count=25&query=AUTH%28Wargu%C5%82a+and+%C5%81ukasz%29+AND+AF-ID%2860008555%29+AND+PUBYEAR+%3E+2016
2021-08-20 12:48:45,846 - elsapy.utils - INFO - Converting prism:coverDate
2021-08-20 12:48:49,978 - elsapy.elsclient - INFO - Sending GET request to https://api.elsevier.com/content/search/scopus?query=AUTH%28Wichniarek+and+Rados%C5%82aw%29+AND+AF-ID%2860008555%29+AND+PUBYEAR+%3E+2016
2021-08-20 12:48:50,541 - elsapy.utils - INFO - Converting prism:coverDate
2021-08-20 12:48:53,612 - elsapy.elsclient - INFO - Sending GET request to https://api.elsevier.com/content/search/scopus?query=AUTH%28Wieczorek+and+Bartosz%29+AND+AF-ID%2860008555%29+AND+PUBYEAR+%3E+2016
2021-08-20 12:48:54,116 - elsapy.utils - INFO - Converting prism:coverDate
2021-08-20 12:48:59,578 - elsapy.elsclient - INFO - Sending GET request to https://api.elsevier.com/content/search/scopus?query=AUTH%28Wieczorowski+and+Micha%C5%82%29+AND+AF-ID%2860008555%29+AND+PUBYEAR+%3E+2016
2021-08-20 12:49:00,131 - elsapy.utils - INFO - Converting prism:coverDate
2021-08-20 12:49:15,193 - elsapy.elsclient - INFO - Sending GET request to https://api.elsevier.com/content/search/scopus?query=AUTH%28Wierzbicka+and+Natalia%29+AND+AF-ID%2860008555%29+AND+PUBYEAR+%3E+2016
2021-08-20 12:49:15,557 - elsapy.utils - INFO - Converting prism:coverDate
2021-08-20 12:49:16,564 - elsapy.elsclient - INFO - Sending GET request to https://api.elsevier.com/content/search/scopus?query=AUTH%28Wilczy%C5%84ski+and+Dominik%29+AND+AF-ID%2860008555%29+AND+PUBYEAR+%3E+2016
2021-08-20 12:49:17,116 - elsapy.utils - INFO - Converting prism:coverDate
2021-08-20 12:49:35,711 - elsapy.elsclient - INFO - Sending GET request to https://api.elsevier.com/content/search/scopus?query=AUTH%28Wi%C5%9Bniewski+and+Marcin%29+AND+AF-ID%2860008555%29+AND+PUBYEAR+%3E+2016
2021-08-20 12:49:37,050 - elsapy.elsclient - INFO - Sending GET request to https://api.elsevier.com/content/search/scopus?query=AUTH%28Wi%C5%9Bniewski+and+M%29+AND+AF-ID%2860008555%29+AND+PUBYEAR+%3E+2016
2021-08-20 12:49:37,447 - elsapy.utils - INFO - Converting prism:coverDate
2021-08-20 12:49:43,306 - elsapy.elsclient - INFO - Sending GET request to https://api.elsevier.com/content/search/scopus?query=AUTH%28Wittenbeck+and+Leszek%29+AND+AF-ID%2860008555%29+AND+PUBYEAR+%3E+2016
2021-08-20 12:49:43,721 - elsapy.utils - INFO - Converting prism:coverDate
2021-08-20 12:49:44,962 - elsapy.elsclient - INFO - Sending GET request to https://api.elsevier.com/content/search/scopus?query=AUTH%28W%C5%82odarczyk+and+Konrad%29+AND+AF-ID%2860008555%29+AND+PUBYEAR+%3E+2016
2021-08-20 12:49:45,477 - elsapy.utils - INFO - Converting prism:coverDate
2021-08-20 12:49:46,539 - elsapy.elsclient - INFO - Sending GET request to https://api.elsevier.com/content/search/scopus?query=AUTH%28Wojciechowski+and+Szymon%29+AND+AF-ID%2860008555%29+AND+PUBYEAR+%3E+2016
2021-08-20 12:49:47,090 - elsapy.utils - INFO - Converting prism:coverDate
2021-08-20 12:49:55,733 - elsapy.elsclient - INFO - Sending GET request to https://api.elsevier.com/content/search/scopus?query=AUTH%28Wojtkowiak+and+Dominik%29+AND+AF-ID%2860008555%29+AND+PUBYEAR+%3E+2016
2021-08-20 12:49:56,314 - elsapy.utils - INFO - Converting prism:coverDate
2021-08-20 12:50:05,041 - elsapy.elsclient - INFO - Sending GET request to https://api.elsevier.com/content/search/scopus?query=AUTH%28Wr%C3%B3bel+and+Mateusz%29+AND+AF-ID%2860008555%29+AND+PUBYEAR+%3E+2016
2021-08-20 12:50:05,420 - elsapy.utils - INFO - Converting prism:coverDate
2021-08-20 12:50:06,420 - elsapy.elsclient - INFO - Sending GET request to https://api.elsevier.com/content/search/scopus?query=AUTH%28Wstawska+and+Iwona%29+AND+AF-ID%2860008555%29+AND+PUBYEAR+%3E+2016
2021-08-20 12:50:06,811 - elsapy.utils - INFO - Converting prism:coverDate
2021-08-20 12:50:07,823 - elsapy.elsclient - INFO - Sending GET request to https://api.elsevier.com/content/search/scopus?query=AUTH%28Wyrwa%C5%82+and+Daniel%29+AND+AF-ID%2860008555%29+AND+PUBYEAR+%3E+2016
2021-08-20 12:50:08,227 - elsapy.utils - INFO - Converting prism:coverDate
2021-08-20 12:50:09,225 - elsapy.elsclient - INFO - Sending GET request to https://api.elsevier.com/content/search/scopus?query=AUTH%28Zab%C5%82ocki+and+Marek%29+AND+AF-ID%2860008555%29+AND+PUBYEAR+%3E+2016
2021-08-20 12:50:09,644 - elsapy.utils - INFO - Converting prism:coverDate
2021-08-20 12:50:10,649 - elsapy.elsclient - INFO - Sending GET request to https://api.elsevier.com/content/search/scopus?query=AUTH%28Zawadzki+and+Pawe%C5%82%29+AND+AF-ID%2860008555%29+AND+PUBYEAR+%3E+2016
2021-08-20 12:50:11,184 - elsapy.utils - INFO - Converting prism:coverDate
2021-08-20 12:50:12,192 - elsapy.elsclient - INFO - Sending GET request to https://api.elsevier.com/content/search/scopus?query=AUTH%28Zawadzki+and+Przemys%C5%82aw%29+AND+AF-ID%2860008555%29+AND+PUBYEAR+%3E+2016
2021-08-20 12:50:12,666 - elsapy.utils - INFO - Converting prism:coverDate
2021-08-20 12:50:17,502 - elsapy.elsclient - INFO - Sending GET request to https://api.elsevier.com/content/search/scopus?query=AUTH%28%C5%BBukowska+and+Magdalena%29+AND+AF-ID%2860008555%29+AND+PUBYEAR+%3E+2016
2021-08-20 12:50:17,911 - elsapy.utils - INFO - Converting prism:coverDate
2021-08-20 12:50:21,663 - elsapy.elsclient - INFO - Sending GET request to https://api.elsevier.com/content/search/scopus?query=AUTH%28%C5%BBurek+and+Jan%29+AND+AF-ID%2860008555%29+AND+PUBYEAR+%3E+2016
2021-08-20 12:50:22,285 - elsapy.utils - INFO - Converting prism:coverDate
2021-08-20 12:50:23,300 - elsapy.elsclient - INFO - Sending GET request to https://api.elsevier.com/content/search/scopus?query=AUTH%28%C5%BBywicki+and+Krzysztof%29+AND+AF-ID%2860008555%29+AND+PUBYEAR+%3E+2016
2021-08-20 12:50:23,888 - elsapy.utils - INFO - Converting prism:coverDate
2021-08-20 13:19:40,231 - elsapy.elsclient - INFO - Module loaded.
2021-08-20 13:19:40,553 - elsapy.elsentity - INFO - Module loaded.
2021-08-20 13:19:40,554 - elsapy.utils - INFO - Module loaded.
2021-08-20 13:19:40,554 - elsapy.elsprofile - INFO - Module loaded.
2021-08-20 13:19:40,555 - elsapy.elsdoc - INFO - Module loaded.
2021-08-20 13:19:40,556 - elsapy.elssearch - INFO - Module loaded.
2021-08-20 13:22:44,203 - elsapy.elsclient - INFO - Sending GET request to https://api.elsevier.com/content/search/scopus?query=AUTH%28Gruziel+and+Magdalena%29+AND+AF-ID%2860013756%29+AND+PUBYEAR+%3E+2016
2021-08-20 13:22:45,505 - elsapy.elsclient - INFO - Sending GET request to https://api.elsevier.com/content/search/scopus?query=AUTH%28Gruziel+and+M%29+AND+AF-ID%2860013756%29+AND+PUBYEAR+%3E+2016
2021-08-20 13:22:45,895 - elsapy.utils - INFO - Converting prism:coverDate
2021-08-20 13:22:48,980 - elsapy.elsclient - INFO - Sending GET request to https://api.elsevier.com/content/search/scopus?query=AUTH%28AMBROSZKO+and+WOJCIECH%29+AND+AF-ID%2860019987%29+AND+PUBYEAR+%3E+2016
2021-08-20 13:22:50,359 - elsapy.elsclient - INFO - Sending GET request to https://api.elsevier.com/content/search/scopus?query=AUTH%28AMBROSZKO+and+W%29+AND+AF-ID%2860019987%29+AND+PUBYEAR+%3E+2016
2021-08-20 13:22:51,719 - elsapy.elsclient - INFO - Sending GET request to https://api.elsevier.com/content/search/scopus?query=AUTH%28AMBROZIAK+and+ANDRZEJ%29+AND+AF-ID%2860019987%29+AND+PUBYEAR+%3E+2016
2021-08-20 13:22:52,488 - elsapy.utils - INFO - Converting prism:coverDate
2021-08-20 13:22:59,204 - elsapy.elsclient - INFO - Sending GET request to https://api.elsevier.com/content/search/scopus?query=AUTH%28ANDRYCH+and+MONIKA%29+AND+AF-ID%2860019987%29+AND+PUBYEAR+%3E+2016
2021-08-20 13:22:59,637 - elsapy.utils - INFO - Converting prism:coverDate
2021-08-20 13:23:06,564 - elsapy.elsclient - INFO - Sending GET request to https://api.elsevier.com/content/search/scopus?query=AUTH%28ANISZEWSKA+and+DOROTA%29+AND+AF-ID%2860019987%29+AND+PUBYEAR+%3E+2016
2021-08-20 13:23:07,026 - elsapy.utils - INFO - Converting prism:coverDate
2021-08-20 13:23:10,706 - elsapy.elsclient - INFO - Sending GET request to https://api.elsevier.com/content/search/scopus?query=AUTH%28Antoniak+and+Piotr%29+AND+AF-ID%2860019987%29+AND+PUBYEAR+%3E+2016
2021-08-20 13:23:11,123 - elsapy.utils - INFO - Converting prism:coverDate
2021-08-20 13:23:14,083 - elsapy.elsclient - INFO - Sending GET request to https://api.elsevier.com/content/search/scopus?query=AUTH%28BABIARCZUK+and+BARTOSZ%29+AND+AF-ID%2860019987%29+AND+PUBYEAR+%3E+2016
2021-08-20 13:23:14,552 - elsapy.utils - INFO - Converting prism:coverDate
2021-08-20 13:23:21,657 - elsapy.elsclient - INFO - Sending GET request to https://api.elsevier.com/content/search/scopus?query=AUTH%28BA%C5%81CHANOWSKI+and+KRZYSZTOF%29+AND+AF-ID%2860019987%29+AND+PUBYEAR+%3E+2016
2021-08-20 13:23:22,978 - elsapy.elsclient - INFO - Sending GET request to https://api.elsevier.com/content/search/scopus?query=AUTH%28BA%C5%81CHANOWSKI+and+K%29+AND+AF-ID%2860019987%29+AND+PUBYEAR+%3E+2016
2021-08-20 13:23:24,399 - elsapy.elsclient - INFO - Sending GET request to https://api.elsevier.com/content/search/scopus?query=AUTH%28BANA%C5%9A+and+MICHA%C5%81%29+AND+AF-ID%2860019987%29+AND+PUBYEAR+%3E+2016
2021-08-20 13:23:24,842 - elsapy.utils - INFO - Converting prism:coverDate
2021-08-20 13:23:28,874 - elsapy.elsclient - INFO - Sending GET request to https://api.elsevier.com/content/search/scopus?query=AUTH%28BARCIKOWSKI+and+MICHA%C5%81%29+AND+AF-ID%2860019987%29+AND+PUBYEAR+%3E+2016
2021-08-20 13:23:29,323 - elsapy.utils - INFO - Converting prism:coverDate
2021-08-20 13:23:32,707 - elsapy.elsclient - INFO - Sending GET request to https://api.elsevier.com/content/search/scopus?query=AUTH%28BARE%C5%81KOWSKI+and+ARTUR%29+AND+AF-ID%2860019987%29+AND+PUBYEAR+%3E+2016
2021-08-20 13:23:33,129 - elsapy.utils - INFO - Converting prism:coverDate
2021-08-20 13:23:36,137 - elsapy.elsclient - INFO - Sending GET request to https://api.elsevier.com/content/search/scopus?query=AUTH%28BASHIR+and+ALYONA%29+AND+AF-ID%2860019987%29+AND+PUBYEAR+%3E+2016
2021-08-20 13:23:37,549 - elsapy.elsclient - INFO - Sending GET request to https://api.elsevier.com/content/search/scopus?query=AUTH%28BASHIR+and+A%29+AND+AF-ID%2860019987%29+AND+PUBYEAR+%3E+2016
2021-08-20 13:23:38,930 - elsapy.elsclient - INFO - Sending GET request to https://api.elsevier.com/content/search/scopus?query=AUTH%28BASZCZUK+and+AGNIESZKA%29+AND+AF-ID%2860019987%29+AND+PUBYEAR+%3E+2016
2021-08-20 13:23:39,375 - elsapy.utils - INFO - Converting prism:coverDate
2021-08-20 13:23:45,325 - elsapy.elsclient - INFO - Sending GET request to https://api.elsevier.com/content/search/scopus?query=AUTH%28BEDNARCZYK+and+S%C5%81AWOMIR%29+AND+AF-ID%2860019987%29+AND+PUBYEAR+%3E+2016
2021-08-20 13:23:45,997 - elsapy.utils - INFO - Converting prism:coverDate
2021-08-20 13:23:48,229 - elsapy.elsclient - INFO - Sending GET request to https://api.elsevier.com/content/search/scopus?query=AUTH%28BIA%C5%81OBRZESKA+and+BEATA%29+AND+AF-ID%2860019987%29+AND+PUBYEAR+%3E+2016
2021-08-20 13:23:48,853 - elsapy.utils - INFO - Converting prism:coverDate
2021-08-20 13:24:00,421 - elsapy.elsclient - INFO - Sending GET request to https://api.elsevier.com/content/search/scopus?query=AUTH%28BIEGANOWSKI+and+MARCIN%29+AND+AF-ID%2860019987%29+AND+PUBYEAR+%3E+2016
2021-08-20 13:24:00,931 - elsapy.utils - INFO - Converting prism:coverDate
2021-08-20 13:24:02,004 - elsapy.elsclient - INFO - Sending GET request to https://api.elsevier.com/content/search/scopus?query=AUTH%28BIERNACKI+and+KRZYSZTOF%29+AND+AF-ID%2860019987%29+AND+PUBYEAR+%3E+2016
2021-08-20 13:24:02,506 - elsapy.utils - INFO - Converting prism:coverDate
